<?xml version="1.0" encoding="UTF-8"?>
<!-- Generated by org.testng.reporters.JUnitReportReporter -->
<testsuite hostname="AELPT-1061" failures="0" tests="1" name="sampletest.LoginTest" time="14.073" errors="0" timestamp="2024-07-25T15:19:02 IST" skipped="0">
  <testcase classname="sampletest.LoginTest" name="login" time="14.073"/>
  <system-out/>
</testsuite> <!-- sampletest.LoginTest -->
